2021-11-18 16:45:09.941 [Ship-2] INFO  by.grsu.сourse.task3.Ship - Ship-2 moored to the dock 2
2021-11-18 16:45:09.964 [Ship-2] INFO  by.grsu.сourse.task3.Ship - Ship-2 arrived to load containers
2021-11-18 16:45:09.965 [Ship-2] INFO  by.grsu.сourse.task3.Ship - Ship-2 was unable to load containers and is now trying to load them from another ship
2021-11-18 16:45:09.966 [Ship-2] INFO  by.grsu.сourse.task3.Ship - Ship-2 have 0 container before exchange
2021-11-18 16:45:09.944 [Ship-1] INFO  by.grsu.сourse.task3.Ship - Ship-1 moored to the dock 1
2021-11-18 16:45:09.964 [Ship-2] INFO  by.grsu.сourse.task3.Ship - Ship-2 moored to the dock 2
2021-11-18 16:45:09.964 [Ship-1] INFO  by.grsu.сourse.task3.Ship - Ship-1 moored to the dock 1
2021-11-18 16:45:09.968 [Ship-2] INFO  by.grsu.сourse.task3.Ship - Ship-2 arrived to load containers
2021-11-18 16:45:09.969 [Ship-1] INFO  by.grsu.сourse.task3.Ship - Ship-1 arrived to unload 3 containers
2021-11-18 16:45:09.969 [Ship-2] INFO  by.grsu.сourse.task3.Ship - Ship-2 was unable to load containers and is now trying to load them from another ship
2021-11-18 16:45:09.970 [Ship-1] INFO  by.grsu.сourse.task3.Ship - Ship-1 unloaded containers
2021-11-18 16:45:09.968 [Ship-1] INFO  by.grsu.сourse.task3.Ship - Ship-1 arrived to unload 3 containers
2021-11-18 16:45:09.970 [Ship-1] INFO  by.grsu.сourse.task3.Ship - Ship-1 left the port
2021-11-18 16:45:09.970 [Ship-1] INFO  by.grsu.сourse.task3.Ship - Ship-1 unloaded containers
2021-11-18 16:45:09.970 [Ship-2] INFO  by.grsu.сourse.task3.Ship - Ship-2 have 0 container before exchange
2021-11-18 16:45:09.971 [Ship-1] INFO  by.grsu.сourse.task3.Ship - Ship-1 left the port
2021-11-18 16:45:10.989 [Ship-1] INFO  by.grsu.сourse.task3.Ship - Ship-1 moored to the dock 1
2021-11-18 16:45:10.991 [Ship-1] INFO  by.grsu.сourse.task3.Ship - Ship-1 arrived to unload 3 containers
2021-11-18 16:45:10.992 [Ship-1] INFO  by.grsu.сourse.task3.Ship - Ship-1 unloaded containers
2021-11-18 16:45:10.993 [Ship-1] INFO  by.grsu.сourse.task3.Ship - Ship-1 left the port
2021-11-18 16:45:10.992 [Ship-2] INFO  by.grsu.сourse.task3.Ship - Ship-2 moored to the dock 2
2021-11-18 16:45:10.994 [Ship-2] INFO  by.grsu.сourse.task3.Ship - Ship-2 arrived to load containers
2021-11-18 16:45:10.998 [Ship-2] INFO  by.grsu.сourse.task3.Ship - Ship-2 have 3 containers after load
2021-11-18 16:45:10.999 [Ship-2] INFO  by.grsu.сourse.task3.Ship - Ship-2 left the port
2021-11-18 16:45:14.978 [Ship-2] ERROR by.grsu.сourse.task3.Ship - Ship-2 didn't exchange containers with anyone
2021-11-18 16:45:14.978 [Ship-2] ERROR by.grsu.сourse.task3.Ship - Ship-2 didn't exchange containers with anyone
2021-11-18 16:45:14.980 [Ship-2] INFO  by.grsu.сourse.task3.Ship - Ship-2 left the port
2021-11-18 16:45:14.981 [Ship-2] INFO  by.grsu.сourse.task3.Ship - Ship-2 left the port
